[2023-08-09 15:36:09,184] multiqc                                            [DEBUG  ]  This is MultiQC v1.14
[2023-08-09 15:36:09,187] multiqc                                            [DEBUG  ]  Loading config settings from: multiqc_config.yml
[2023-08-09 15:36:09,187] multiqc                                            [DEBUG  ]  New config: {'report_comment': 'This report has been generated by the <a href="https://github.com/nf-core/getstructures/1.0dev" target="_blank">nf-core/getstructures</a> analysis pipeline. For information about how to interpret these results, please see the <a href="https://nf-co.re/getstructures/1.0dev/output" target="_blank">documentation</a>.\n', 'report_section_order': {'nf-core-getstructures-methods-description': {'order': -1000}, 'software_versions': {'order': -1001}, 'nf-core-getstructures-summary': {'order': -1002}}, 'export_plots': True}
[2023-08-09 15:36:09,190] multiqc                                            [DEBUG  ]  Loading config settings from: multiqc_config.yml
[2023-08-09 15:36:09,190] multiqc                                            [DEBUG  ]  New config: {'report_comment': 'This report has been generated by the <a href="https://github.com/nf-core/getstructures/1.0dev" target="_blank">nf-core/getstructures</a> analysis pipeline. For information about how to interpret these results, please see the <a href="https://nf-co.re/getstructures/1.0dev/output" target="_blank">documentation</a>.\n', 'report_section_order': {'nf-core-getstructures-methods-description': {'order': -1000}, 'software_versions': {'order': -1001}, 'nf-core-getstructures-summary': {'order': -1002}}, 'export_plots': True}
[2023-08-09 15:36:09,190] multiqc                                            [DEBUG  ]  Command used: /home/luisasantus/anaconda3/bin/multiqc --force --config multiqc_config.yml .
[2023-08-09 15:36:09,783] multiqc                                            [WARNING]  MultiQC Version v1.15 now available!
[2023-08-09 15:36:09,783] multiqc                                            [DEBUG  ]  Working dir : /home/luisasantus/Desktop/work/70/eb5212c4f4cdf67553b6f24aceec23
[2023-08-09 15:36:09,783] multiqc                                            [DEBUG  ]  Template    : default
[2023-08-09 15:36:09,783] multiqc                                            [DEBUG  ]  Running Python 3.11.3 (main, Apr 19 2023, 23:54:32) [GCC 11.2.0]
[2023-08-09 15:36:09,784] multiqc                                            [DEBUG  ]  Analysing modules: custom_content, ccs, ngsderive, purple, conpair, lima, peddy, somalier, methylQA, mosdepth, phantompeakqualtools, qualimap, preseq, hifiasm, quast, qorts, rna_seqc, rockhopper, rsem, rseqc, busco, bustools, goleft_indexcov, gffcompare, disambiguate, supernova, deeptools, sargasso, verifybamid, mirtrace, happy, mirtop, sambamba, gopeaks, homer, hops, macs2, theta2, snpeff, gatk, htseq, bcftools, featureCounts, fgbio, dragen, dragen_fastqc, dedup, pbmarkdup, damageprofiler, biobambam2, jcvi, mtnucratio, picard, vep, sentieon, prokka, qc3C, nanostat, samblaster, samtools, sexdeterrmine, eigenstratdatabasetools, bamtools, jellyfish, vcftools, longranger, stacks, varscan2, snippy, umitools, bbmap, bismark, biscuit, diamond, hicexplorer, hicup, hicpro, salmon, kallisto, slamdunk, star, hisat2, tophat, bowtie2, bowtie1, cellranger, snpsplit, odgi, pangolin, nextclade, humid, kat, leehom, adapterRemoval, bbduk, clipandmerge, cutadapt, flexbar, kaiju, kraken, malt, motus, trimmomatic, sickle, skewer, sortmerna, biobloomtools, fastq_screen, afterqc, fastp, fastqc, filtlong, prinseqplusplus, pychopper, porechop, pycoqc, minionqc, anglerfish, multivcfanalyzer, clusterflow, checkqc, bcl2fastq, bclconvert, interop, ivar, flash, seqyclean, optitype, whatshap
[2023-08-09 15:36:09,784] multiqc                                            [DEBUG  ]  Using temporary directory for creating report: /tmp/tmp0z8dn5mg
[2023-08-09 15:36:09,812] multiqc                                            [INFO   ]  Search path : /home/luisasantus/Desktop/work/70/eb5212c4f4cdf67553b6f24aceec23
[2023-08-09 15:36:10,222] multiqc                                            [DEBUG  ]  Summary of files that were skipped by the search: [skipped_no_match: 8] // [skipped_module_specific_max_filesize: 5]
[2023-08-09 15:36:10,492] multiqc.plots.bargraph                             [DEBUG  ]  Using matplotlib version 3.7.1
[2023-08-09 15:36:10,492] multiqc.plots.linegraph                            [DEBUG  ]  Using matplotlib version 3.7.1
[2023-08-09 15:36:10,497] multiqc.modules.custom_content.custom_content      [INFO   ]  nf-core-getstructures-summary: Found 1 sample (html)
[2023-08-09 15:36:10,497] multiqc.modules.custom_content.custom_content      [INFO   ]  software_versions: Found 1 sample (html)
[2023-08-09 15:36:10,497] multiqc.modules.custom_content.custom_content      [INFO   ]  nf-core-getstructures-methods-description: Found 1 sample (html)
[2023-08-09 15:36:10,497] multiqc                                            [DEBUG  ]  Reordering sections: anchor 'nf-core-getstructures-methods-description' not found for module 'nf-core/getstructures Methods Description'.
[2023-08-09 15:36:10,497] multiqc                                            [DEBUG  ]  Reordering sections: anchor 'software_versions' not found for module 'nf-core/getstructures Methods Description'.
[2023-08-09 15:36:10,497] multiqc                                            [DEBUG  ]  Reordering sections: anchor 'nf-core-getstructures-summary' not found for module 'nf-core/getstructures Methods Description'.
[2023-08-09 15:36:10,497] multiqc                                            [DEBUG  ]  Reordering sections: anchor 'nf-core-getstructures-methods-description' not found for module 'nf-core/getstructures Software Versions'.
[2023-08-09 15:36:10,497] multiqc                                            [DEBUG  ]  Reordering sections: anchor 'software_versions' not found for module 'nf-core/getstructures Software Versions'.
[2023-08-09 15:36:10,497] multiqc                                            [DEBUG  ]  Reordering sections: anchor 'nf-core-getstructures-summary' not found for module 'nf-core/getstructures Software Versions'.
[2023-08-09 15:36:10,497] multiqc                                            [DEBUG  ]  Reordering sections: anchor 'nf-core-getstructures-methods-description' not found for module 'nf-core/getstructures Workflow Summary'.
[2023-08-09 15:36:10,497] multiqc                                            [DEBUG  ]  Reordering sections: anchor 'software_versions' not found for module 'nf-core/getstructures Workflow Summary'.
[2023-08-09 15:36:10,497] multiqc                                            [DEBUG  ]  Reordering sections: anchor 'nf-core-getstructures-summary' not found for module 'nf-core/getstructures Workflow Summary'.
[2023-08-09 15:36:10,498] multiqc                                            [INFO   ]  Compressing plot data
[2023-08-09 15:36:10,498] multiqc                                            [INFO   ]  Report      : multiqc_report.html
[2023-08-09 15:36:10,498] multiqc                                            [INFO   ]  Data        : multiqc_data
[2023-08-09 15:36:10,498] multiqc                                            [DEBUG  ]  Moving data file from '/tmp/tmp0z8dn5mg/multiqc_data' to '/home/luisasantus/Desktop/work/70/eb5212c4f4cdf67553b6f24aceec23/multiqc_data'
[2023-08-09 15:36:10,498] multiqc                                            [INFO   ]  Plots       : multiqc_plots
[2023-08-09 15:36:10,498] multiqc                                            [DEBUG  ]  Moving plots directory from '/tmp/tmp0z8dn5mg/multiqc_plots' to '/home/luisasantus/Desktop/work/70/eb5212c4f4cdf67553b6f24aceec23/multiqc_plots'
[2023-08-09 15:36:10,549] multiqc                                            [INFO   ]  MultiQC complete
